Ivy is running on http://localhost:5010. Press Ctrl+C to stop.
PlanningApp: Loading data from database...
✓ Connected to Supabase database
SprintArchive loading data from database...
PlanningApp: Loaded 3 backlog items
PlanningApp: Loaded current sprint: dfbsdfgb
PlanningApp: Loaded 0 archived sprints
SprintBoard loading data from database...
Loaded 3 backlog items
Loaded current sprint: dfbsdfgb
SprintArchive: Received refresh signal, reloading from database...
SprintBoard: Received refresh signal, reloading from database...
PlanningApp: Sent refresh signal to other apps
SprintArchive: Received refresh signal, reloading from database...
SprintBoard: Received refresh signal, reloading from database...
PlanningApp: Sent refresh signal to other apps
Adding item 6 (hrtehrte) to sprint dfbsdfgb
Story has 0 child tasks/bugs
Sprint now has 2 items
SprintArchive: Received refresh signal, reloading from database...
SprintBoard: Received refresh signal, reloading from database...
PlanningApp: Sent refresh signal to other apps
SprintBoard loading data from database...
Loaded 5 backlog items
Loaded current sprint: dfbsdfgb
SprintArchive: Received refresh signal, reloading from database...
SprintBoard: Received refresh signal, reloading from database...
PlanningApp: Sent refresh signal to other apps
SprintArchive: Received refresh signal, reloading from database...
SprintBoard: Received refresh signal, reloading from database...
PlanningApp: Sent refresh signal to other apps
SprintBoard: Received refresh signal, reloading from database...
SprintArchive: Received refresh signal, reloading from database...
PlanningApp: Sent refresh signal to other apps
SprintArchive: Received refresh signal, reloading from database...
SprintBoard: Received refresh signal, reloading from database...
PlanningApp: Sent refresh signal to other apps
SprintBoard: Received refresh signal, reloading from database...
SprintArchive: Received refresh signal, reloading from database...
PlanningApp: Sent refresh signal to other apps
Adding item 7 (dsfghstn) to sprint dfbsdfgb
Story has 1 child tasks/bugs
Sprint now has 1 items
SprintArchive: Received refresh signal, reloading from database...
SprintBoard: Received refresh signal, reloading from database...
PlanningApp: Sent refresh signal to other apps
